#
# There is insufficient memory for the Java Runtime Environment to continue.
# Native memory allocation (malloc) failed to allocate 32744 bytes. Error detail: Chunk::new
# Possible reasons:
#   The system is out of physical RAM or swap space
#   This process is running with CompressedOops enabled, and the Java Heap may be blocking the growth of the native heap
# Possible solutions:
#   Reduce memory load on the system
#   Increase physical memory or swap space
#   Check if swap backing store is full
#   Decrease Java heap size (-Xmx/-Xms)
#   Decrease number of Java threads
#   Decrease Java thread stack sizes (-Xss)
#   Set larger code cache with -XX:ReservedCodeCacheSize=
#   JVM is running with Unscaled Compressed Oops mode in which the Java heap is
#     placed in the first 4GB address space. The Java Heap base address is the
#     maximum limit for the native heap growth. Please use -XX:HeapBaseMinAddress
#     to set the Java Heap base and to place the Java Heap above 4GB virtual address.
# This output file may be truncated or incomplete.
#
#  Out of Memory Error (arena.cpp:168), pid=6884, tid=22516
#
# JRE version: OpenJDK Runtime Environment JBR-21.0.4+13-509.26-jcef (21.0.4+13) (build 21.0.4+13-b509.26)
# Java VM: OpenJDK 64-Bit Server VM JBR-21.0.4+13-509.26-jcef (21.0.4+13-b509.26, mixed mode, tiered, compressed oops, compressed class ptrs, g1 gc, windows-amd64)
# No core dump will be written. Minidumps are not enabled by default on client versions of Windows
#

---------------  S U M M A R Y ------------

Command Line: -Djava.rmi.server.hostname=127.0.0.1 -Duser.timezone=UTC -Xmx2048m -Xms128m -Djdbc.classpath=C:\Users\HP\AppData\Local\Temp\RemoteDriver9.classpath.txt --add-exports=java.desktop/sun.awt=ALL-UNNAMED --add-exports=java.desktop/java.awt.peer=ALL-UNNAMED --add-opens=java.desktop/java.awt=ALL-UNNAMED --add-opens=jdk.unsupported/sun.misc=ALL-UNNAMED --add-opens=java.base/java.nio=ALL-UNNAMED --add-opens=java.base/java.util=ALL-UNNAMED -Dfile.encoding=UTF-8 -Dsun.stdout.encoding=UTF-8 -Dsun.stderr.encoding=UTF-8 com.intellij.database.remote.RemoteJdbcServer com.mysql.cj.jdbc.Driver

Host: Intel(R) Core(TM) i7-8665U CPU @ 1.90GHz, 8 cores, 31G,  Windows 10 , 64 bit Build 19041 (10.0.19041.5198)
Time: Tue Jan 14 16:18:08 2025 Maroc (heure d64 bit Build 19041 (10.0.19041.5198) elapsed time: 2434.877878 seconds (0d 0h 40m 34s)

---------------  T H R E A D  ---------------

Current thread (0x000002abd0065850):  JavaThread "C1 CompilerThread0" daemon [_thread_in_native, id=22516, stack(0x000000d864500000,0x000000d864600000) (1024K)]


Current CompileTask:
C1:2434877 3145   !   3      
[error occurred during error reporting (printing current compile task), id 0xe0000001, Out of Memory Error (s\src\hotspot\share\memory\arena.cpp:168)]
Stack: [0x000000d864500000,0x000000d864600000]
Native frames: (J=compiled Java code, j=interpreted, Vv=VM code, C=native code)
V  [jvm.dll+0x6e3739]
V  [jvm.dll+0x8c0c33]
V  [jvm.dll+0x8c318e]
V  [jvm.dll+0x8c3873]
V  [jvm.dll+0x288256]
V  [jvm.dll+0xc613d]
V  [jvm.dll+0xc6673]
V  [jvm.dll+0x829bec]
V  [jvm.dll+0x829cd9]
V  [jvm.dll+0x693fc9]
V  [jvm.dll+0x262977]
V  [jvm.dll+0x262f07]
V  [jvm.dll+0x8c0aa9]
V  [jvm.dll+0x8c318e]
V  [jvm.dll+0x8c3873]
V  [jvm.dll+0x288256]
V  [jvm.dll+0xc613d]
V  [jvm.dll+0xc6673]
V  [jvm.dll+0x19e5fa]
V  [jvm.dll+0x19c2bd]
V  [jvm.dll+0x19c67a]
V  [jvm.dll+0x19edec]
V  [jvm.dll+0x1571e3]
V  [jvm.dll+0x156a88]
V  [jvm.dll+0x156cc6]
V  [jvm.dll+0x15603f]
V  [jvm.dll+0x157e61]
V  [jvm.dll+0x25e88c]
V  [jvm.dll+0x25cdd6]
V  [jvm.dll+0x3fe076]
V  [jvm.dll+0x8688c8]
V  [jvm.dll+0x6e1f3d]
C  [ucrtbase.dll+0x21bb2]
C  [KERNEL32.DLL+0x17374]
C  [ntdll.dll+0x4cc91]


---------------  P R O C E S S  ---------------

Threads class SMR info:
_java_thread_list=0x000002abd1213160, length=20, elements={
0x000002abb39717c0, 0x000002abd0038530, 0x000002abd0039190, 0x000002abd003a1d0,
0x000002abd0090540, 0x000002abd0091150, 0x000002abd00620a0, 0x000002abd0064a50,
0x000002abd0065850, 0x000002abd023af20, 0x000002abd023b750, 0x000002abd07590b0,
0x000002abd0af7a70, 0x000002abd098cba0, 0x000002abd098d210, 0x000002abd0994300,
0x000002abd0a57750, 0x000002abd0c383f0, 0x000002abd0c2ae20, 0x000002abd0c2e2a0
}

Java Threads: ( => current thread )
  0x000002abb39717c0 JavaThread "main"                              [_thread_blocked, id=19564, stack(0x000000d863500000,0x000000d863600000) (1024K)]
  0x000002abd0038530 JavaThread "Reference Handler"          daemon [_thread_blocked, id=20440, stack(0x000000d863e00000,0x000000d863f00000) (1024K)]
  0x000002abd0039190 JavaThread "Finalizer"                  daemon [_thread_blocked, id=16412, stack(0x000000d863f00000,0x000000d864000000) (1024K)]
  0x000002abd003a1d0 JavaThread "Signal Dispatcher"          daemon [_thread_blocked, id=30328, stack(0x000000d864000000,0x000000d864100000) (1024K)]
  0x000002abd0090540 JavaThread "Attach Listener"            daemon [_thread_blocked, id=30432, stack(0x000000d864100000,0x000000d864200000) (1024K)]
  0x000002abd0091150 JavaThread "Service Thread"             daemon [_thread_blocked, id=24524, stack(0x000000d864200000,0x000000d864300000) (1024K)]
  0x000002abd00620a0 JavaThread "Monitor Deflation Thread"   daemon [_thread_blocked, id=19680, stack(0x000000d864300000,0x000000d864400000) (1024K)]
  0x000002abd0064a50 JavaThread "C2 CompilerThread0"         daemon [_thread_blocked, id=30116, stack(0x000000d864400000,0x000000d864500000) (1024K)]
=>0x000002abd0065850 JavaThread "C1 CompilerThread0"         daemon [_thread_in_native, id=22516, stack(0x000000d864500000,0x000000d864600000) (1024K)]
  0x000002abd023af20 JavaThread "Common-Cleaner"             daemon [_thread_blocked, id=21300, stack(0x000000d864600000,0x000000d864700000) (1024K)]
  0x000002abd023b750 JavaThread "Notification Thread"        daemon [_thread_blocked, id=23852, stack(0x000000d864700000,0x000000d864800000) (1024K)]
  0x000002abd07590b0 JavaThread "mysql-cj-abandoned-connection-cleanup" daemon [_thread_blocked, id=22132, stack(0x000000d864900000,0x000000d864a00000) (1024K)]
  0x000002abd0af7a70 JavaThread "RMI TCP Accept-50975"       daemon [_thread_in_native, id=1168, stack(0x000000d864a00000,0x000000d864b00000) (1024K)]
  0x000002abd098cba0 JavaThread "RMI TCP Accept-0"           daemon [_thread_in_native, id=29948, stack(0x000000d864b00000,0x000000d864c00000) (1024K)]
  0x000002abd098d210 JavaThread "RMI Reaper"                        [_thread_blocked, id=21956, stack(0x000000d864c00000,0x000000d864d00000) (1024K)]
  0x000002abd0994300 JavaThread "RMI GC Daemon"              daemon [_thread_blocked, id=23292, stack(0x000000d864d00000,0x000000d864e00000) (1024K)]
  0x000002abd0a57750 JavaThread "RMI TCP Connection(1)-127.0.0.1" daemon [_thread_in_native, id=5340, stack(0x000000d864e00000,0x000000d864f00000) (1024K)]
  0x000002abd0c383f0 JavaThread "RMI TCP Connection(3)-127.0.0.1" daemon [_thread_in_native, id=29088, stack(0x000000d865000000,0x000000d865100000) (1024K)]
  0x000002abd0c2ae20 JavaThread "RMI Scheduler(0)"           daemon [_thread_blocked, id=30340, stack(0x000000d865100000,0x000000d865200000) (1024K)]
  0x000002abd0c2e2a0 JavaThread "RMI RenewClean-[127.0.0.1:62052]" daemon [_thread_blocked, id=12680, stack(0x000000d865300000,0x000000d865400000) (1024K)]
Total: 20

Other Threads:
  0x000002abcbe3e240 VMThread "VM Thread"                           [id=4932, stack(0x000000d863c00000,0x000000d863d00000) (1024K)]
  0x000002abcbdb4ea0 WatcherThread "VM Periodic Task Thread"        [id=17424, stack(0x000000d863b00000,0x000000d863c00000) (1024K)]
  0x000002abb39c8b20 WorkerThread "GC Thread#0"                     [id=15692, stack(0x000000d863600000,0x000000d863700000) (1024K)]
  0x000002abd0ce8d70 WorkerThread "GC Thread#1"                     [id=28176, stack(0x000000d865400000,0x000000d865500000) (1024K)]
  0x000002abd0ce9110 WorkerThread "GC Thread#2"                     [id=828, stack(0x000000d865500000,0x000000d865600000) (1024K)]
  0x000002abd1097100 WorkerThread "GC Thread#3"                     [id=17840, stack(0x000000d865600000,0x000000d865700000) (1024K)]
  0x000002abd10acf20 WorkerThread "GC Thread#4"                     [id=30344, stack(0x000000d865700000,0x000000d865800000) (1024K)]
  0x000002abd10ad6d0 WorkerThread "GC Thread#5"                     [id=2244, stack(0x000000d865800000,0x000000d865900000) (1024K)]
  0x000002abd10ae280 WorkerThread "GC Thread#6"                     [id=26536, stack(0x000000d865900000,0x000000d865a00000) (1024K)]
  0x000002abd10af040 WorkerThread "GC Thread#7"                     [id=19408, stack(0x000000d865a00000,0x000000d865b00000) (1024K)]
  0x000002abb39d9a10 ConcurrentGCThread "G1 Main Marker"            [id=7312, stack(0x000000d863700000,0x000000d863800000) (1024K)]
  0x000002abb39da420 WorkerThread "G1 Conc#0"                       [id=30188, stack(0x000000d863800000,0x000000d863900000) (1024K)]
  0x000002abd10a0cd0 WorkerThread "G1 Conc#1"                       [id=5028, stack(0x000000d865c00000,0x000000d865d00000) (1024K)]
  0x000002abcbc7b520 ConcurrentGCThread "G1 Refine#0"               [id=3136, stack(0x000000d863900000,0x000000d863a00000) (1024K)]
  0x000002abcbc7bea0 ConcurrentGCThread "G1 Service"                [id=27936, stack(0x000000d863a00000,0x000000d863b00000) (1024K)]
Total: 15

Threads with active compile tasks:
C1 CompilerThread0  2434896 3145   !   3       java.util.concurrent.FutureTask::run (123 bytes)
Total: 1

VM state: not at safepoint (normal execution)

VM Mutex/Monitor currently owned by a thread: None

Heap address: 0x0000000080000000, size: 2048 MB, Compressed Oops mode: 32-bit

CDS archive(s) not mapped
Compressed class space mapped at: 0x0000000100000000-0x0000000140000000, reserved size: 1073741824
Narrow klass base: 0x0000000000000000, Narrow klass shift: 3, Narrow klass range: 0x140000000

GC Precious Log:
 CardTable entry size: 512
 Card Set container configuration: InlinePtr #cards 5 size 8 Array Of Cards #cards 12 size 40 Howl #buckets 4 coarsen threshold 1843 Howl Bitmap #cards 512 size 80 coarsen threshold 460 Card regions per heap region 1 cards per card region 2048
 CPUs: 8 total, 8 available
 Memory: 32574M
 Large Page Support: Disabled
 NUMA Support: Disabled
 Compressed Oops: Enabled (32-bit)
 Heap Region Size: 1M
 Heap Min Capacity: 128M
 Heap Initial Capacity: 128M
 Heap Max Capacity: 2G
 Pre-touch: Disabled
 Parallel Workers: 8
 Concurrent Workers: 2
 Concurrent Refinement Workers: 8
 Periodic GC: Disabled

Heap:
 garbage-first heap   total 131072K, used 39835K [0x0000000080000000, 0x0000000100000000)
  region size 1024K, 32 young (32768K), 2 survivors (2048K)
 Metaspace       used 28575K, committed 29056K, reserved 1114112K
  class space    used 2936K, committed 3136K, reserved 1048576K

Heap Regions: E=young(eden), S=young(survivor), O=old, HS=humongous(starts), HC=humongous(continues), CS=collection set, F=free, TAMS=top-at-mark-start, PB=parsable bottom
|   0|0x0000000080000000, 0x0000000080100000, 0x0000000080100000|100%|HS|  |TAMS 0x0000000080000000| PB 0x0000000080000000| Complete 
|   1|0x0000000080100000, 0x0000000080200000, 0x0000000080200000|100%|HC|  |TAMS 0x0000000080100000| PB 0x0000000080100000| Complete 
|   2|0x0000000080200000, 0x0000000080300000, 0x0000000080300000|100%|HS|  |TAMS 0x0000000080200000| PB 0x0000000080200000| Complete 
|   3|0x0000000080300000, 0x0000000080400000, 0x0000000080400000|100%|HS|  |TAMS 0x0000000080300000| PB 0x0000000080300000| Complete 
|   4|0x0000000080400000, 0x0000000080500000, 0x0000000080500000|100%| O|  |TAMS 0x0000000080400000| PB 0x0000000080400000| Untracked 
|   5|0x0000000080500000, 0x0000000080600000, 0x0000000080600000|100%| O|  |TAMS 0x0000000080500000| PB 0x0000000080500000| Untracked 
|   6|0x0000000080600000, 0x0000000080700000, 0x0000000080700000|100%| O|  |TAMS 0x0000000080600000| PB 0x0000000080600000| Untracked 
|   7|0x0000000080700000, 0x0000000080800000, 0x0000000080800000|100%| O|  |TAMS 0x0000000080700000| PB 0x0000000080700000| Untracked 
|   8|0x0000000080800000, 0x0000000080900000, 0x0000000080900000|100%| O|  |TAMS 0x0000000080800000| PB 0x0000000080800000| Untracked 
|   9|0x0000000080900000, 0x000000008092c310, 0x0000000080a00000| 17%| O|  |TAMS 0x0000000080900000| PB 0x0000000080900000| Untracked 
|  10|0x0000000080a00000, 0x0000000080a00000, 0x0000000080b00000|  0%| F|  |TAMS 0x0000000080a00000| PB 0x0000000080a00000| Untracked 
|  11|0x0000000080b00000, 0x0000000080b00000, 0x0000000080c00000|  0%| F|  |TAMS 0x0000000080b00000| PB 0x0000000080b00000| Untracked 
|  12|0x0000000080c00000, 0x0000000080c00000, 0x0000000080d00000|  0%| F|  |TAMS 0x0000000080c00000| PB 0x0000000080c00000| Untracked 
|  13|0x0000000080d00000, 0x0000000080d00000, 0x0000000080e00000|  0%| F|  |TAMS 0x0000000080d00000| PB 0x0000000080d00000| Untracked 
|  14|0x0000000080e00000, 0x0000000080e00000, 0x0000000080f00000|  0%| F|  |TAMS 0x0000000080e00000| PB 0x0000000080e00000| Untracked 
|  15|0x0000000080f00000, 0x0000000080f00000, 0x0000000081000000|  0%| F|  |TAMS 0x0000000080f00000| PB 0x0000000080f00000| Untracked 
|  16|0x0000000081000000, 0x0000000081000000, 0x0000000081100000|  0%| F|  |TAMS 0x0000000081000000| PB 0x0000000081000000| Untracked 
|  17|0x0000000081100000, 0x0000000081100000, 0x0000000081200000|  0%| F|  |TAMS 0x0000000081100000| PB 0x0000000081100000| Untracked 
|  18|0x0000000081200000, 0x0000000081200000, 0x0000000081300000|  0%| F|  |TAMS 0x0000000081200000| PB 0x0000000081200000| Untracked 
|  19|0x0000000081300000, 0x0000000081300000, 0x0000000081400000|  0%| F|  |TAMS 0x0000000081300000| PB 0x0000000081300000| Untracked 
|  20|0x0000000081400000, 0x0000000081400000, 0x0000000081500000|  0%| F|  |TAMS 0x0000000081400000| PB 0x0000000081400000| Untracked 
|  21|0x0000000081500000, 0x0000000081500000, 0x0000000081600000|  0%| F|  |TAMS 0x0000000081500000| PB 0x0000000081500000| Untracked 
|  22|0x0000000081600000, 0x0000000081600000, 0x0000000081700000|  0%| F|  |TAMS 0x0000000081600000| PB 0x0000000081600000| Untracked 
|  23|0x0000000081700000, 0x0000000081700000, 0x0000000081800000|  0%| F|  |TAMS 0x0000000081700000| PB 0x0000000081700000| Untracked 
|  24|0x0000000081800000, 0x0000000081800000, 0x0000000081900000|  0%| F|  |TAMS 0x0000000081800000| PB 0x0000000081800000| Untracked 
|  25|0x0000000081900000, 0x0000000081900000, 0x0000000081a00000|  0%| F|  |TAMS 0x0000000081900000| PB 0x0000000081900000| Untracked 
|  26|0x0000000081a00000, 0x0000000081a00000, 0x0000000081b00000|  0%| F|  |TAMS 0x0000000081a00000| PB 0x0000000081a00000| Untracked 
|  27|0x0000000081b00000, 0x0000000081b00000, 0x0000000081c00000|  0%| F|  |TAMS 0x0000000081b00000| PB 0x0000000081b00000| Untracked 
|  28|0x0000000081c00000, 0x0000000081c00000, 0x0000000081d00000|  0%| F|  |TAMS 0x0000000081c00000| PB 0x0000000081c00000| Untracked 
|  29|0x0000000081d00000, 0x0000000081d00000, 0x0000000081e00000|  0%| F|  |TAMS 0x0000000081d00000| PB 0x0000000081d00000| Untracked 
|  30|0x0000000081e00000, 0x0000000081e00000, 0x0000000081f00000|  0%| F|  |TAMS 0x0000000081e00000| PB 0x0000000081e00000| Untracked 
|  31|0x0000000081f00000, 0x0000000081f00000, 0x0000000082000000|  0%| F|  |TAMS 0x0000000081f00000| PB 0x0000000081f00000| Untracked 
|  32|0x0000000082000000, 0x0000000082000000, 0x0000000082100000|  0%| F|  |TAMS 0x0000000082000000| PB 0x0000000082000000| Untracked 
|  33|0x0000000082100000, 0x0000000082100000, 0x0000000082200000|  0%| F|  |TAMS 0x0000000082100000| PB 0x0000000082100000| Untracked 
|  34|0x0000000082200000, 0x0000000082200000, 0x0000000082300000|  0%| F|  |TAMS 0x0000000082200000| PB 0x0000000082200000| Untracked 
|  35|0x0000000082300000, 0x0000000082300000, 0x0000000082400000|  0%| F|  |TAMS 0x0000000082300000| PB 0x0000000082300000| Untracked 
|  36|0x0000000082400000, 0x0000000082400000, 0x0000000082500000|  0%| F|  |TAMS 0x0000000082400000| PB 0x0000000082400000| Untracked 
|  37|0x0000000082500000, 0x0000000082500000, 0x0000000082600000|  0%| F|  |TAMS 0x0000000082500000| PB 0x0000000082500000| Untracked 
|  38|0x0000000082600000, 0x0000000082600000, 0x0000000082700000|  0%| F|  |TAMS 0x0000000082600000| PB 0x0000000082600000| Untracked 
|  39|0x0000000082700000, 0x0000000082700000, 0x0000000082800000|  0%| F|  |TAMS 0x0000000082700000| PB 0x0000000082700000| Untracked 
|  40|0x0000000082800000, 0x0000000082800000, 0x0000000082900000|  0%| F|  |TAMS 0x0000000082800000| PB 0x0000000082800000| Untracked 
|  41|0x0000000082900000, 0x0000000082900000, 0x0000000082a00000|  0%| F|  |TAMS 0x0000000082900000| PB 0x0000000082900000| Untracked 
|  42|0x0000000082a00000, 0x0000000082a00000, 0x0000000082b00000|  0%| F|  |TAMS 0x0000000082a00000| PB 0x0000000082a00000| Untracked 
|  43|0x0000000082b00000, 0x0000000082b00000, 0x0000000082c00000|  0%| F|  |TAMS 0x0000000082b00000| PB 0x0000000082b00000| Untracked 
|  44|0x0000000082c00000, 0x0000000082c00000, 0x0000000082d00000|  0%| F|  |TAMS 0x0000000082c00000| PB 0x0000000082c00000| Untracked 
|  45|0x0000000082d00000, 0x0000000082d00000, 0x0000000082e00000|  0%| F|  |TAMS 0x0000000082d00000| PB 0x0000000082d00000| Untracked 
|  46|0x0000000082e00000, 0x0000000082e00000, 0x0000000082f00000|  0%| F|  |TAMS 0x0000000082e00000| PB 0x0000000082e00000| Untracked 
|  47|0x0000000082f00000, 0x0000000082f00000, 0x0000000083000000|  0%| F|  |TAMS 0x0000000082f00000| PB 0x0000000082f00000| Untracked 
|  48|0x0000000083000000, 0x0000000083000000, 0x0000000083100000|  0%| F|  |TAMS 0x0000000083000000| PB 0x0000000083000000| Untracked 
|  49|0x0000000083100000, 0x0000000083100000, 0x0000000083200000|  0%| F|  |TAMS 0x0000000083100000| PB 0x0000000083100000| Untracked 
|  50|0x0000000083200000, 0x0000000083200000, 0x0000000083300000|  0%| F|  |TAMS 0x0000000083200000| PB 0x0000000083200000| Untracked 
|  51|0x0000000083300000, 0x0000000083300000, 0x0000000083400000|  0%| F|  |TAMS 0x0000000083300000| PB 0x0000000083300000| Untracked 
|  52|0x0000000083400000, 0x0000000083400000, 0x0000000083500000|  0%| F|  |TAMS 0x0000000083400000| PB 0x0000000083400000| Untracked 
|  53|0x0000000083500000, 0x0000000083500000, 0x0000000083600000|  0%| F|  |TAMS 0x0000000083500000| PB 0x0000000083500000| Untracked 
|  54|0x0000000083600000, 0x0000000083600000, 0x0000000083700000|  0%| F|  |TAMS 0x0000000083600000| PB 0x0000000083600000| Untracked 
|  55|0x0000000083700000, 0x0000000083700000, 0x0000000083800000|  0%| F|  |TAMS 0x0000000083700000| PB 0x0000000083700000| Untracked 
|  56|0x0000000083800000, 0x0000000083800000, 0x0000000083900000|  0%| F|  |TAMS 0x0000000083800000| PB 0x0000000083800000| Untracked 
|  57|0x0000000083900000, 0x0000000083900000, 0x0000000083a00000|  0%| F|  |TAMS 0x0000000083900000| PB 0x0000000083900000| Untracked 
|  58|0x0000000083a00000, 0x0000000083a00000, 0x0000000083b00000|  0%| F|  |TAMS 0x0000000083a00000| PB 0x0000000083a00000| Untracked 
|  59|0x0000000083b00000, 0x0000000083b00000, 0x0000000083c00000|  0%| F|  |TAMS 0x0000000083b00000| PB 0x0000000083b00000| Untracked 
|  60|0x0000000083c00000, 0x0000000083c00000, 0x0000000083d00000|  0%| F|  |TAMS 0x0000000083c00000| PB 0x0000000083c00000| Untracked 
|  61|0x0000000083d00000, 0x0000000083d00000, 0x0000000083e00000|  0%| F|  |TAMS 0x0000000083d00000| PB 0x0000000083d00000| Untracked 
|  62|0x0000000083e00000, 0x0000000083e00000, 0x0000000083f00000|  0%| F|  |TAMS 0x0000000083e00000| PB 0x0000000083e00000| Untracked 
|  63|0x0000000083f00000, 0x0000000083f00000, 0x0000000084000000|  0%| F|  |TAMS 0x0000000083f00000| PB 0x0000000083f00000| Untracked 
|  64|0x0000000084000000, 0x0000000084000000, 0x0000000084100000|  0%| F|  |TAMS 0x0000000084000000| PB 0x0000000084000000| Untracked 
|  65|0x0000000084100000, 0x0000000084100000, 0x0000000084200000|  0%| F|  |TAMS 0x0000000084100000| PB 0x0000000084100000| Untracked 
|  66|0x0000000084200000, 0x0000000084200000, 0x0000000084300000|  0%| F|  |TAMS 0x0000000084200000| PB 0x0000000084200000| Untracked 
|  67|0x0000000084300000, 0x0000000084300000, 0x0000000084400000|  0%| F|  |TAMS 0x0000000084300000| PB 0x0000000084300000| Untracked 
|  68|0x0000000084400000, 0x0000000084400000, 0x0000000084500000|  0%| F|  |TAMS 0x0000000084400000| PB 0x0000000084400000| Untracked 
|  69|0x0000000084500000, 0x0000000084500000, 0x0000000084600000|  0%| F|  |TAMS 0x0000000084500000| PB 0x0000000084500000| Untracked 
|  70|0x0000000084600000, 0x0000000084600000, 0x0000000084700000|  0%| F|  |TAMS 0x0000000084600000| PB 0x0000000084600000| Untracked 
|  71|0x0000000084700000, 0x0000000084700000, 0x0000000084800000|  0%| F|  |TAMS 0x0000000084700000| PB 0x0000000084700000| Untracked 
|  72|0x0000000084800000, 0x0000000084800000, 0x0000000084900000|  0%| F|  |TAMS 0x0000000084800000| PB 0x0000000084800000| Untracked 
|  73|0x0000000084900000, 0x0000000084900000, 0x0000000084a00000|  0%| F|  |TAMS 0x0000000084900000| PB 0x0000000084900000| Untracked 
|  74|0x0000000084a00000, 0x0000000084a00000, 0x0000000084b00000|  0%| F|  |TAMS 0x0000000084a00000| PB 0x0000000084a00000| Untracked 
|  75|0x0000000084b00000, 0x0000000084b00000, 0x0000000084c00000|  0%| F|  |TAMS 0x0000000084b00000| PB 0x0000000084b00000| Untracked 
|  76|0x0000000084c00000, 0x0000000084c00000, 0x0000000084d00000|  0%| F|  |TAMS 0x0000000084c00000| PB 0x0000000084c00000| Untracked 
|  77|0x0000000084d00000, 0x0000000084d00000, 0x0000000084e00000|  0%| F|  |TAMS 0x0000000084d00000| PB 0x0000000084d00000| Untracked 
|  78|0x0000000084e00000, 0x0000000084e00000, 0x0000000084f00000|  0%| F|  |TAMS 0x0000000084e00000| PB 0x0000000084e00000| Untracked 
|  79|0x0000000084f00000, 0x0000000084f00000, 0x0000000085000000|  0%| F|  |TAMS 0x0000000084f00000| PB 0x0000000084f00000| Untracked 
|  80|0x0000000085000000, 0x0000000085000000, 0x0000000085100000|  0%| F|  |TAMS 0x0000000085000000| PB 0x0000000085000000| Untracked 
|  81|0x0000000085100000, 0x0000000085100000, 0x0000000085200000|  0%| F|  |TAMS 0x0000000085100000| PB 0x0000000085100000| Untracked 
|  82|0x0000000085200000, 0x0000000085200000, 0x0000000085300000|  0%| F|  |TAMS 0x0000000085200000| PB 0x0000000085200000| Untracked 
|  83|0x0000000085300000, 0x0000000085300000, 0x0000000085400000|  0%| F|  |TAMS 0x0000000085300000| PB 0x0000000085300000| Untracked 
|  84|0x0000000085400000, 0x0000000085400000, 0x0000000085500000|  0%| F|  |TAMS 0x0000000085400000| PB 0x0000000085400000| Untracked 
|  85|0x0000000085500000, 0x0000000085500000, 0x0000000085600000|  0%| F|  |TAMS 0x0000000085500000| PB 0x0000000085500000| Untracked 
|  86|0x0000000085600000, 0x0000000085600000, 0x0000000085700000|  0%| F|  |TAMS 0x0000000085600000| PB 0x0000000085600000| Untracked 
|  87|0x0000000085700000, 0x0000000085700000, 0x0000000085800000|  0%| F|  |TAMS 0x0000000085700000| PB 0x0000000085700000| Untracked 
|  88|0x0000000085800000, 0x0000000085800000, 0x0000000085900000|  0%| F|  |TAMS 0x0000000085800000| PB 0x0000000085800000| Untracked 
|  89|0x0000000085900000, 0x0000000085900000, 0x0000000085a00000|  0%| F|  |TAMS 0x0000000085900000| PB 0x0000000085900000| Untracked 
|  90|0x0000000085a00000, 0x0000000085a00000, 0x0000000085b00000|  0%| F|  |TAMS 0x0000000085a00000| PB 0x0000000085a00000| Untracked 
|  91|0x0000000085b00000, 0x0000000085b00000, 0x0000000085c00000|  0%| F|  |TAMS 0x0000000085b00000| PB 0x0000000085b00000| Untracked 
|  92|0x0000000085c00000, 0x0000000085c00000, 0x0000000085d00000|  0%| F|  |TAMS 0x0000000085c00000| PB 0x0000000085c00000| Untracked 
|  93|0x0000000085d00000, 0x0000000085d00000, 0x0000000085e00000|  0%| F|  |TAMS 0x0000000085d00000| PB 0x0000000085d00000| Untracked 
|  94|0x0000000085e00000, 0x0000000085e00000, 0x0000000085f00000|  0%| F|  |TAMS 0x0000000085e00000| PB 0x0000000085e00000| Untracked 
|  95|0x0000000085f00000, 0x0000000085f00000, 0x0000000086000000|  0%| F|  |TAMS 0x0000000085f00000| PB 0x0000000085f00000| Untracked 
|  96|0x0000000086000000, 0x0000000086054a10, 0x0000000086100000| 33%| E|  |TAMS 0x0000000086000000| PB 0x0000000086000000| Complete 
|  97|0x0000000086100000, 0x0000000086200000, 0x0000000086200000|100%| E|CS|TAMS 0x0000000086100000| PB 0x0000000086100000| Complete 
|  98|0x0000000086200000, 0x0000000086300000, 0x0000000086300000|100%| E|CS|TAMS 0x0000000086200000| PB 0x0000000086200000| Complete 
|  99|0x0000000086300000, 0x0000000086400000, 0x0000000086400000|100%| E|CS|TAMS 0x0000000086300000| PB 0x0000000086300000| Complete 
| 100|0x0000000086400000, 0x0000000086500000, 0x0000000086500000|100%| E|CS|TAMS 0x0000000086400000| PB 0x0000000086400000| Complete 
| 101|0x0000000086500000, 0x0000000086600000, 0x0000000086600000|100%| E|CS|TAMS 0x0000000086500000| PB 0x0000000086500000| Complete 
| 102|0x0000000086600000, 0x0000000086700000, 0x0000000086700000|100%| E|CS|TAMS 0x0000000086600000| PB 0x0000000086600000| Complete 
| 103|0x0000000086700000, 0x0000000086800000, 0x0000000086800000|100%| E|CS|TAMS 0x0000000086700000| PB 0x0000000086700000| Complete 
| 104|0x0000000086800000, 0x0000000086900000, 0x0000000086900000|100%| E|CS|TAMS 0x0000000086800000| PB 0x0000000086800000| Complete 
| 105|0x0000000086900000, 0x0000000086a00000, 0x0000000086a00000|100%| E|CS|TAMS 0x0000000086900000| PB 0x0000000086900000| Complete 
| 106|0x0000000086a00000, 0x0000000086b00000, 0x0000000086b00000|100%| E|CS|TAMS 0x0000000086a00000| PB 0x0000000086a00000| Complete 
| 107|0x0000000086b00000, 0x0000000086c00000, 0x0000000086c00000|100%| E|CS|TAMS 0x0000000086b00000| PB 0x0000000086b00000| Complete 
| 108|0x0000000086c00000, 0x0000000086d00000, 0x0000000086d00000|100%| E|CS|TAMS 0x0000000086c00000| PB 0x0000000086c00000| Complete 
| 109|0x0000000086d00000, 0x0000000086e00000, 0x0000000086e00000|100%| E|CS|TAMS 0x0000000086d00000| PB 0x0000000086d00000| Complete 
| 110|0x0000000086e00000, 0x0000000086f00000, 0x0000000086f00000|100%| E|CS|TAMS 0x0000000086e00000| PB 0x0000000086e00000| Complete 
| 111|0x0000000086f00000, 0x0000000087000000, 0x0000000087000000|100%| E|CS|TAMS 0x0000000086f00000| PB 0x0000000086f00000| Complete 
| 112|0x0000000087000000, 0x0000000087100000, 0x0000000087100000|100%| E|CS|TAMS 0x0000000087000000| PB 0x0000000087000000| Complete 
| 113|0x0000000087100000, 0x0000000087200000, 0x0000000087200000|100%| E|CS|TAMS 0x0000000087100000| PB 0x0000000087100000| Complete 
| 114|0x0000000087200000, 0x0000000087300000, 0x0000000087300000|100%| E|CS|TAMS 0x0000000087200000| PB 0x0000000087200000| Complete 
| 115|0x0000000087300000, 0x0000000087400000, 0x0000000087400000|100%| E|CS|TAMS 0x0000000087300000| PB 0x0000000087300000| Complete 
| 116|0x0000000087400000, 0x0000000087500000, 0x0000000087500000|100%| E|CS|TAMS 0x0000000087400000| PB 0x0000000087400000| Complete 
| 117|0x0000000087500000, 0x00000000875bac20, 0x0000000087600000| 72%| S|CS|TAMS 0x0000000087500000| PB 0x0000000087500000| Complete 
| 118|0x0000000087600000, 0x0000000087700000, 0x0000000087700000|100%| S|CS|TAMS 0x0000000087600000| PB 0x0000000087600000| Complete 
| 119|0x0000000087700000, 0x0000000087800000, 0x0000000087800000|100%| E|CS|TAMS 0x0000000087700000| PB 0x0000000087700000| Complete 
| 120|0x0000000087800000, 0x0000000087900000, 0x0000000087900000|100%| E|CS|TAMS 0x0000000087800000| PB 0x0000000087800000| Complete 
| 121|0x0000000087900000, 0x0000000087a00000, 0x0000000087a00000|100%| E|CS|TAMS 0x0000000087900000| PB 0x0000000087900000| Complete 
| 122|0x0000000087a00000, 0x0000000087b00000, 0x0000000087b00000|100%| E|CS|TAMS 0x0000000087a00000| PB 0x0000000087a00000| Complete 
| 123|0x0000000087b00000, 0x0000000087c00000, 0x0000000087c00000|100%| E|CS|TAMS 0x0000000087b00000| PB 0x0000000087b00000| Complete 
| 124|0x0000000087c00000, 0x0000000087d00000, 0x0000000087d00000|100%| E|CS|TAMS 0x0000000087c00000| PB 0x0000000087c00000| Complete 
| 125|0x0000000087d00000, 0x0000000087e00000, 0x0000000087e00000|100%| E|CS|TAMS 0x0000000087d00000| PB 0x0000000087d00000| Complete 
| 126|0x0000000087e00000, 0x0000000087f00000, 0x0000000087f00000|100%| E|  |TAMS 0x0000000087e00000| PB 0x0000000087e00000| Complete 
| 127|0x0000000087f00000, 0x0000000088000000, 0x0000000088000000|100%| E|CS|TAMS 0x0000000087f00000| PB 0x0000000087f00000| Complete 

Card table byte_map: [0x000002abc6fc0000,0x000002abc73c0000] _byte_map_base: 0x000002abc6bc0000

Marking Bits: (CMBitMap*) 0x000002abb39c9130
 Bits: [0x000002abc73c0000, 0x000002abc93c0000)

Polling page: 0x000002abb3140000

Metaspace:

Usage:
  Non-class:     25.04 MB used.
      Class:      2.87 MB used.
       Both:     27.91 MB used.

Virtual space:
  Non-class space:       64.00 MB reserved,      25.31 MB ( 40%) committed,  1 nodes.
      Class space:        1.00 GB reserved,       3.06 MB ( <1%) committed,  1 nodes.
             Both:        1.06 GB reserved,      28.38 MB (  3%) committed. 

Chunk freelists:
   Non-Class:  6.24 MB
       Class:  12.97 MB
        Both:  19.21 MB

MaxMetaspaceSize: unlimited
CompressedClassSpaceSize: 1.00 GB
Initial GC threshold: 21.00 MB
Current GC threshold: 35.12 MB
CDS: off
 - commit_granule_bytes: 65536.
 - commit_granule_words: 8192.
 - virtual_space_node_default_size: 8388608.
 - enlarge_chunks_in_place: 1.
 - use_allocation_guard: 0.


Internal statistics:

num_allocs_failed_limit: 3.
num_arena_births: 598.
num_arena_deaths: 0.
num_vsnodes_births: 2.
num_vsnodes_deaths: 0.
num_space_committed: 454.
num_space_uncommitted: 0.
num_chunks_returned_to_freelist: 3.
num_chunks_taken_from_freelist: 1131.
num_chunk_merges: 0.
num_chunk_splits: 671.
num_chunks_enlarged: 320.
num_inconsistent_stats: 0.

CodeHeap 'non-profiled nmethods': size=120000Kb used=1349Kb max_used=1349Kb free=118650Kb
 bounds [0x000002abbf360000, 0x000002abbf5d0000, 0x000002abc6890000]
CodeHeap 'profiled nmethods': size=120000Kb used=6272Kb max_used=6272Kb free=113727Kb
 bounds [0x000002abb7890000, 0x000002abb7ec0000, 0x000002abbedc0000]
CodeHeap 'non-nmethods': size=5760Kb used=1520Kb max_used=1606Kb free=4239Kb
 bounds [0x000002abbedc0000, 0x000002abbf030000, 0x000002abbf360000]
 total_blobs=3730 nmethods=3144 adapters=490
 compilation: enabled
              stopped_count=0, restarted_count=0
 full_count=0

Compilation events (20 events):
Event: 2215.898 Thread 0x000002abd0065850 nmethod 3136 0x000002abb7ea3510 code [0x000002abb7ea36c0, 0x000002abb7ea3988]
Event: 2215.898 Thread 0x000002abd0065850 3137       3       java.util.concurrent.ScheduledThreadPoolExecutor$ScheduledFutureTask::<init> (34 bytes)
Event: 2215.899 Thread 0x000002abd0065850 nmethod 3137 0x000002abb7ea3a90 code [0x000002abb7ea3c80, 0x000002abb7ea42d8]
Event: 2215.899 Thread 0x000002abd0065850 3132       3       java.lang.invoke.LambdaForm$MH/0x0000000100306800::invoke (64 bytes)
Event: 2215.900 Thread 0x000002abd0065850 nmethod 3132 0x000002abb7ea4510 code [0x000002abb7ea47a0, 0x000002abb7ea5588]
Event: 2278.918 Thread 0x000002abd0065850 3138       3       sun.rmi.registry.RegistryImpl_Skel::getOperations (10 bytes)
Event: 2278.918 Thread 0x000002abd0065850 nmethod 3138 0x000002abb7ea5990 code [0x000002abb7ea5b40, 0x000002abb7ea5df0]
Event: 2278.918 Thread 0x000002abd0065850 3139   !   3       sun.rmi.registry.RegistryImpl_Skel::dispatch (620 bytes)
Event: 2278.931 Thread 0x000002abd0065850 nmethod 3139 0x000002abb7ea5e90 code [0x000002abb7ea6880, 0x000002abb7eaade8]
Event: 2296.924 Thread 0x000002abd0064a50 3140       4       java.io.ObjectStreamClass::getSerialVersionUID (42 bytes)
Event: 2296.927 Thread 0x000002abd0064a50 nmethod 3140 0x000002abbf4b1010 code [0x000002abbf4b11c0, 0x000002abbf4b1440]
Event: 2305.927 Thread 0x000002abd0065850 3141       3       com.intellij.execution.rmi.IdeaWatchdogImpl::ping (12 bytes)
Event: 2305.928 Thread 0x000002abd0065850 nmethod 3141 0x000002abb7eadc10 code [0x000002abb7eaddc0, 0x000002abb7eadf40]
Event: 2335.839 Thread 0x000002abd0065850 3142       3       java.util.concurrent.ThreadPoolExecutor::beforeExecute (1 bytes)
Event: 2335.839 Thread 0x000002abd0065850 nmethod 3142 0x000002abb7eae010 code [0x000002abb7eae1a0, 0x000002abb7eae2a8]
Event: 2371.851 Thread 0x000002abd0065850 3144       3       java.util.concurrent.locks.AbstractQueuedSynchronizer$ConditionObject::awaitNanos (207 bytes)
Event: 2371.851 Thread 0x000002abd0065850 nmethod 3144 0x000002abb7eae310 code [0x000002abb7eae600, 0x000002abb7eaf4a8]
Event: 2371.851 Thread 0x000002abd0065850 3143       3       java.util.concurrent.ScheduledThreadPoolExecutor$DelayedWorkQueue::finishPoll (43 bytes)
Event: 2371.852 Thread 0x000002abd0065850 nmethod 3143 0x000002abb7eafa10 code [0x000002abb7eafbe0, 0x000002abb7eb0170]
Event: 2434.875 Thread 0x000002abd0065850 3145   !   3       java.util.concurrent.FutureTask::run (123 bytes)

GC Heap History (4 events):
Event: 1.278 GC heap before
{Heap before GC invocations=0 (full 0):
 garbage-first heap   total 131072K, used 26624K [0x0000000080000000, 0x0000000100000000)
  region size 1024K, 23 young (23552K), 0 survivors (0K)
 Metaspace       used 17364K, committed 17792K, reserved 1114112K
  class space    used 1794K, committed 1984K, reserved 1048576K
}
Event: 1.285 GC heap after
{Heap after GC invocations=1 (full 0):
 garbage-first heap   total 131072K, used 9120K [0x0000000080000000, 0x0000000100000000)
  region size 1024K, 3 young (3072K), 3 survivors (3072K)
 Metaspace       used 17364K, committed 17792K, reserved 1114112K
  class space    used 1794K, committed 1984K, reserved 1048576K
}
Event: 1.490 GC heap before
{Heap before GC invocations=1 (full 0):
 garbage-first heap   total 131072K, used 16288K [0x0000000080000000, 0x0000000100000000)
  region size 1024K, 12 young (12288K), 3 survivors (3072K)
 Metaspace       used 21126K, committed 21504K, reserved 1114112K
  class space    used 2171K, committed 2368K, reserved 1048576K
}
Event: 1.494 GC heap after
{Heap after GC invocations=2 (full 0):
 garbage-first heap   total 131072K, used 11163K [0x0000000080000000, 0x0000000100000000)
  region size 1024K, 2 young (2048K), 2 survivors (2048K)
 Metaspace       used 21126K, committed 21504K, reserved 1114112K
  class space    used 2171K, committed 2368K, reserved 1048576K
}

Dll operation events (2 events):
Event: 0.073 Loaded shared library C:\Users\HP\IntelliJ IDEA 2024.2.4\jbr\bin\java.dll
Event: 0.080 Loaded shared library C:\Users\HP\IntelliJ IDEA 2024.2.4\jbr\bin\zip.dll

Deoptimization events (20 events):
Event: 2.682 Thread 0x000002abd0c383f0 DEOPT PACKING pc=0x000002abbf3c89f4 sp=0x000000d8650fdf40
Event: 2.682 Thread 0x000002abd0c383f0 DEOPT UNPACKING pc=0x000002abbee146a2 sp=0x000000d8650fde50 mode 2
Event: 2.724 Thread 0x000002abd0c383f0 DEOPT PACKING pc=0x000002abb7bd10c1 sp=0x000000d8650fdc70
Event: 2.724 Thread 0x000002abd0c383f0 DEOPT UNPACKING pc=0x000002abbee14e42 sp=0x000000d8650fd108 mode 0
Event: 2.838 Thread 0x000002abd0c383f0 Uncommon trap: trap_request=0xffffff45 fr.pc=0x000002abbf3a3bd4 relative=0x0000000000000474
Event: 2.838 Thread 0x000002abd0c383f0 Uncommon trap: reason=unstable_if action=reinterpret pc=0x000002abbf3a3bd4 method=java.util.HashMap.getNode(Ljava/lang/Object;)Ljava/util/HashMap$Node; @ 131 c2
Event: 2.838 Thread 0x000002abd0c383f0 DEOPT PACKING pc=0x000002abbf3a3bd4 sp=0x000000d8650fdf10
Event: 2.838 Thread 0x000002abd0c383f0 DEOPT UNPACKING pc=0x000002abbee146a2 sp=0x000000d8650fde80 mode 2
Event: 2.844 Thread 0x000002abd0c383f0 Uncommon trap: trap_request=0xffffff3d fr.pc=0x000002abbf47870c relative=0x00000000000004ec
Event: 2.844 Thread 0x000002abd0c383f0 Uncommon trap: reason=unstable_fused_if action=reinterpret pc=0x000002abbf47870c method=java.io.BufferedOutputStream.growIfNeeded(I)V @ 10 c2
Event: 2.844 Thread 0x000002abd0c383f0 DEOPT PACKING pc=0x000002abbf47870c sp=0x000000d8650fdc00
Event: 2.844 Thread 0x000002abd0c383f0 DEOPT UNPACKING pc=0x000002abbee146a2 sp=0x000000d8650fda58 mode 2
Event: 301.173 Thread 0x000002abd0c2e2a0 Uncommon trap: trap_request=0xffffff45 fr.pc=0x000002abbf4770ac relative=0x000000000000010c
Event: 301.173 Thread 0x000002abd0c2e2a0 Uncommon trap: reason=unstable_if action=reinterpret pc=0x000002abbf4770ac method=java.lang.ThreadLocal.get(Ljava/lang/Thread;)Ljava/lang/Object; @ 7 c2
Event: 301.173 Thread 0x000002abd0c2e2a0 DEOPT PACKING pc=0x000002abbf4770ac sp=0x000000d8653fe5e0
Event: 301.173 Thread 0x000002abd0c2e2a0 DEOPT UNPACKING pc=0x000002abbee146a2 sp=0x000000d8653fe508 mode 2
Event: 301.173 Thread 0x000002abd0c2e2a0 Uncommon trap: trap_request=0xffffff45 fr.pc=0x000002abbf4732e0 relative=0x0000000000000140
Event: 301.173 Thread 0x000002abd0c2e2a0 Uncommon trap: reason=unstable_if action=reinterpret pc=0x000002abbf4732e0 method=java.lang.ThreadLocal$ThreadLocalMap.getEntry(Ljava/lang/ThreadLocal;)Ljava/lang/ThreadLocal$ThreadLocalMap$Entry; @ 21 c2
Event: 301.173 Thread 0x000002abd0c2e2a0 DEOPT PACKING pc=0x000002abbf4732e0 sp=0x000000d8653fe3b0
Event: 301.174 Thread 0x000002abd0c2e2a0 DEOPT UNPACKING pc=0x000002abbee146a2 sp=0x000000d8653fe2c0 mode 2

Classes loaded (20 events):
Event: 2.176 Loading class java/lang/StackTraceElement$HashedModules
Event: 2.176 Loading class java/lang/StackTraceElement$HashedModules done
Event: 2.335 Loading class java/lang/AbstractMethodError
Event: 2.335 Loading class java/lang/AbstractMethodError done
Event: 2.350 Loading class java/lang/Short$ShortCache
Event: 2.350 Loading class java/lang/Short$ShortCache done
Event: 2.352 Loading class java/util/regex/Pattern$Behind
Event: 2.352 Loading class java/util/regex/Pattern$Behind done
Event: 2.352 Loading class java/util/regex/Pattern$Pos
Event: 2.352 Loading class java/util/regex/Pattern$Pos done
Event: 2.644 Loading class java/io/ObjectOutputStream$PutFieldImpl
Event: 2.644 Loading class java/io/ObjectOutputStream$PutField
Event: 2.644 Loading class java/io/ObjectOutputStream$PutField done
Event: 2.644 Loading class java/io/ObjectOutputStream$PutFieldImpl done
Event: 16.187 Loading class java/util/ArrayList$ListItr
Event: 16.188 Loading class java/util/ArrayList$ListItr done
Event: 76.151 Loading class java/util/IdentityHashMap$KeyIterator
Event: 76.152 Loading class java/util/IdentityHashMap$IdentityHashMapIterator
Event: 76.152 Loading class java/util/IdentityHashMap$IdentityHashMapIterator done
Event: 76.152 Loading class java/util/IdentityHashMap$KeyIterator done

Classes unloaded (0 events):
No events

Classes redefined (0 events):
No events

Internal exceptions (20 events):
Event: 2.018 Thread 0x000002abd0c383f0 Exception <a 'java/lang/NoSuchMethodError'{0x0000000087457438}: 'java.lang.Object java.lang.invoke.DirectMethodHandle$Holder.invokeStatic(java.lang.Object, java.lang.Object, java.lang.Object, java.lang.Object, int)'> (0x0000000087457438) 
thrown [s\src\hotspot\share\interpreter\linkResolver.cpp, line 784]
Event: 2.035 Thread 0x000002abd0c383f0 Exception <a 'java/lang/NoSuchMethodError'{0x00000000874829a0}: 'void java.lang.invoke.DirectMethodHandle$Holder.invokeInterface(java.lang.Object, java.lang.Object, int)'> (0x00000000874829a0) 
thrown [s\src\hotspot\share\interpreter\linkResolver.cpp, line 784]
Event: 2.035 Thread 0x000002abd0c383f0 Exception <a 'java/lang/NoSuchMethodError'{0x0000000087486828}: 'void java.lang.invoke.DelegatingMethodHandle$Holder.reinvoke_L(java.lang.Object, java.lang.Object, int)'> (0x0000000087486828) 
thrown [s\src\hotspot\share\interpreter\linkResolver.cpp, line 784]
Event: 2.135 Thread 0x000002abd0c383f0 Exception <a 'java/lang/NoSuchMethodError'{0x000000008727c188}: 'java.lang.Object java.lang.invoke.DirectMethodHandle$Holder.invokeInterface(java.lang.Object, java.lang.Object, int)'> (0x000000008727c188) 
thrown [s\src\hotspot\share\interpreter\linkResolver.cpp, line 784]
Event: 2.154 Thread 0x000002abd0c383f0 Exception <a 'java/lang/NoSuchMethodError'{0x00000000872b8fb8}: 'void java.lang.invoke.DirectMethodHandle$Holder.invokeInterface(java.lang.Object, java.lang.Object)'> (0x00000000872b8fb8) 
thrown [s\src\hotspot\share\interpreter\linkResolver.cpp, line 784]
Event: 2.176 Thread 0x000002abd0c383f0 Exception <a 'java/io/IOException'{0x00000000872d4250}> (0x00000000872d4250) 
thrown [s\src\hotspot\share\prims\jni.cpp, line 535]
Event: 2.353 Thread 0x000002abd0c383f0 Exception <a 'java/lang/NoSuchMethodError'{0x00000000870ca238}: static Lcom/intellij/database/remote/jdba/core/ConnectionInfo;.<clinit>()V> (0x00000000870ca238) 
thrown [s\src\hotspot\share\prims\jni.cpp, line 1126]
Event: 2.355 Thread 0x000002abd0c383f0 Exception <a 'java/lang/NoSuchMethodError'{0x00000000870d4d90}: static Ljava/lang/Object;.<clinit>()V> (0x00000000870d4d90) 
thrown [s\src\hotspot\share\prims\jni.cpp, line 1126]
Event: 2.355 Thread 0x000002abd0c383f0 Exception <a 'java/lang/NoSuchMethodError'{0x00000000870d9370}: static [I.<clinit>()V> (0x00000000870d9370) 
thrown [s\src\hotspot\share\prims\jni.cpp, line 1126]
Event: 2.370 Thread 0x000002abd0c383f0 Exception <a 'java/lang/NoSuchMethodError'{0x00000000870fd628}: 'java.lang.Object java.lang.invoke.DirectMethodHandle$Holder.invokeInterface(java.lang.Object, java.lang.Object, java.lang.Object, java.lang.Object)'> (0x00000000870fd628) 
thrown [s\src\hotspot\share\interpreter\linkResolver.cpp, line 784]
Event: 2.409 Thread 0x000002abd0c383f0 Exception <a 'java/lang/NoSuchMethodError'{0x0000000086e04a20}: static Lcom/intellij/database/remote/jdba/core/ResultLayout;.<clinit>()V> (0x0000000086e04a20) 
thrown [s\src\hotspot\share\prims\jni.cpp, line 1126]
Event: 2.410 Thread 0x000002abd0c383f0 Exception <a 'java/lang/NoSuchMethodError'{0x0000000086e11be8}: static Lcom/intellij/database/remote/jdba/core/RowLayout;.<clinit>()V> (0x0000000086e11be8) 
thrown [s\src\hotspot\share\prims\jni.cpp, line 1126]
Event: 2.411 Thread 0x000002abd0c383f0 Exception <a 'java/lang/NoSuchMethodError'{0x0000000086e1d690}: static Lcom/intellij/database/remote/jdba/util/NameAndClass;.<clinit>()V> (0x0000000086e1d690) 
thrown [s\src\hotspot\share\prims\jni.cpp, line 1126]
Event: 2.412 Thread 0x000002abd0c383f0 Exception <a 'java/lang/NoSuchMethodError'{0x0000000086e203a0}: 'java.lang.Object java.lang.invoke.DirectMethodHandle$Holder.invokeInterface(java.lang.Object, java.lang.Object, int, java.lang.Object)'> (0x0000000086e203a0) 
thrown [s\src\hotspot\share\interpreter\linkResolver.cpp, line 784]
Event: 2.412 Thread 0x000002abd0c383f0 Exception <a 'java/lang/NoSuchMethodError'{0x0000000086e24540}: 'java.lang.Object java.lang.invoke.DirectMethodHandle$Holder.invokeSpecial(java.lang.Object, java.lang.Object, java.lang.Object, int, java.lang.Object)'> (0x0000000086e24540) 
thrown [s\src\hotspot\share\interpreter\linkResolver.cpp, line 784]
Event: 2.440 Thread 0x000002abd0c383f0 Exception <a 'java/lang/NoSuchMethodError'{0x0000000086e9adb0}: static [Ljava/lang/String;.<clinit>()V> (0x0000000086e9adb0) 
thrown [s\src\hotspot\share\prims\jni.cpp, line 1126]
Event: 2.492 Thread 0x000002abd0c383f0 Exception <a 'java/lang/NoSuchMethodError'{0x0000000086d71100}: static [Ljava/lang/Object;.<clinit>()V> (0x0000000086d71100) 
thrown [s\src\hotspot\share\prims\jni.cpp, line 1126]
Event: 2.938 Thread 0x000002abd0c383f0 Exception <a 'java/io/IOException'{0x00000000867aa568}> (0x00000000867aa568) 
thrown [s\src\hotspot\share\prims\jni.cpp, line 535]
Event: 301.173 Thread 0x000002abd0c2e2a0 Implicit null exception at 0x000002abbf476feb to 0x000002abbf477094
Event: 301.173 Thread 0x000002abd0c2e2a0 Implicit null exception at 0x000002abbf473200 to 0x000002abbf4732c0

ZGC Phase Switch (0 events):
No events

VM Operations (20 events):
Event: 865.570 Executing VM operation: Cleanup
Event: 865.570 Executing VM operation: Cleanup done
Event: 901.653 Executing VM operation: Cleanup
Event: 901.653 Executing VM operation: Cleanup done
Event: 922.660 Executing VM operation: Cleanup
Event: 922.660 Executing VM operation: Cleanup done
Event: 1045.788 Executing VM operation: Cleanup
Event: 1045.788 Executing VM operation: Cleanup done
Event: 1146.840 Executing VM operation: Cleanup
Event: 1146.840 Executing VM operation: Cleanup done
Event: 1246.935 Executing VM operation: Cleanup
Event: 1246.935 Executing VM operation: Cleanup done
Event: 1264.945 Executing VM operation: Cleanup
Event: 1264.945 Executing VM operation: Cleanup done
Event: 1282.955 Executing VM operation: Cleanup
Event: 1282.955 Executing VM operation: Cleanup done
Event: 1424.045 Executing VM operation: Cleanup
Event: 1424.045 Executing VM operation: Cleanup done
Event: 2038.349 Executing VM operation: Cleanup
Event: 2038.349 Executing VM operation: Cleanup done

Memory protections (0 events):
No events

Nmethod flushes (0 events):
No events

Events (20 events):
Event: 1.108 Thread 0x000002abd0af7a70 Thread added: 0x000002abd0a57750
Event: 1.108 Thread 0x000002abd0af7a70 Thread added: 0x000002abd0a57dc0
Event: 1.139 Thread 0x000002abd098cba0 Thread added: 0x000002abd0c383f0
Event: 1.139 Thread 0x000002abd0a57dc0 Thread added: 0x000002abd0c2ae20
Event: 1.142 Thread 0x000002abd098cba0 Thread added: 0x000002abd0c2b4b0
Event: 1.169 Thread 0x000002abd0c383f0 Thread added: 0x000002abd0c2e2a0
Event: 1.461 Thread 0x000002abd0065850 Thread added: 0x000002abd122b1a0
Event: 1.615 Loaded shared library C:\Users\HP\IntelliJ IDEA 2024.2.4\jbr\bin\sunmscapi.dll
Event: 3.163 Thread 0x000002abd122b1a0 Thread exited: 0x000002abd122b1a0
Event: 3.164 Thread 0x000002abd0c383f0 Thread added: 0x000002abd0c2d580
Event: 3.164 Thread 0x000002abd0c383f0 Thread added: 0x000002abd0c2c1d0
Event: 3.164 Thread 0x000002abd0c383f0 Thread added: 0x000002abd0c2c860
Event: 3.164 Thread 0x000002abd0c383f0 Thread added: 0x000002abd0c2cef0
Event: 3.165 Thread 0x000002abd0664250 Thread exited: 0x000002abd0664250
Event: 3.165 Thread 0x000002abd0c2c1d0 Thread exited: 0x000002abd0c2c1d0
Event: 3.165 Thread 0x000002abd0c2d580 Thread exited: 0x000002abd0c2d580
Event: 3.165 Thread 0x000002abd0c2c860 Thread exited: 0x000002abd0c2c860
Event: 3.165 Thread 0x000002abd0c2cef0 Thread exited: 0x000002abd0c2cef0
Event: 76.153 Thread 0x000002abd0c2b4b0 Thread exited: 0x000002abd0c2b4b0
Event: 91.141 Thread 0x000002abd0a57dc0 Thread exited: 0x000002abd0a57dc0


Dynamic libraries:
0x00007ff715340000 - 0x00007ff71534a000 	C:\Users\HP\IntelliJ IDEA 2024.2.4\jbr\bin\java.exe
0x00007fffeafd0000 - 0x00007fffeb1c8000 	C:\Windows\SYSTEM32\ntdll.dll
0x00007fffeab60000 - 0x00007fffeac22000 	C:\Windows\System32\KERNEL32.DLL
0x00007fffe8b90000 - 0x00007fffe8e8e000 	C:\Windows\System32\KERNELBASE.dll
0x00007fffe88f0000 - 0x00007fffe89f0000 	C:\Windows\System32\ucrtbase.dll
0x00007fffac8a0000 - 0x00007fffac8b8000 	C:\Users\HP\IntelliJ IDEA 2024.2.4\jbr\bin\jli.dll
0x00007fffe8ff0000 - 0x00007fffe918d000 	C:\Windows\System32\USER32.dll
0x00007fffe8ec0000 - 0x00007fffe8ee2000 	C:\Windows\System32\win32u.dll
0x00007fffea310000 - 0x00007fffea33b000 	C:\Windows\System32\GDI32.dll
0x00007fffe8670000 - 0x00007fffe8787000 	C:\Windows\System32\gdi32full.dll
0x00007fffe8a60000 - 0x00007fffe8afd000 	C:\Windows\System32\msvcp_win.dll
0x00007fffcf970000 - 0x00007fffcf98b000 	C:\Users\HP\IntelliJ IDEA 2024.2.4\jbr\bin\VCRUNTIME140.dll
0x00007fffc98e0000 - 0x00007fffc9b7a000 	C:\Windows\WinSxS\amd64_microsoft.windows.common-controls_6595b64144ccf1df_6.0.19041.4355_none_60b8b9eb71f62e16\COMCTL32.dll
0x00007fffea170000 - 0x00007fffea20e000 	C:\Windows\System32\msvcrt.dll
0x00007fffeaa60000 - 0x00007fffeaa8f000 	C:\Windows\System32\IMM32.DLL
0x00007fffe2b20000 - 0x00007fffe2b2c000 	C:\Users\HP\IntelliJ IDEA 2024.2.4\jbr\bin\vcruntime140_1.dll
0x00007fff9baf0000 - 0x00007fff9bb7d000 	C:\Users\HP\IntelliJ IDEA 2024.2.4\jbr\bin\msvcp140.dll
0x00007fff56e60000 - 0x00007fff57c17000 	C:\Users\HP\IntelliJ IDEA 2024.2.4\jbr\bin\server\jvm.dll
0x00007fffea8e0000 - 0x00007fffea991000 	C:\Windows\System32\ADVAPI32.dll
0x00007fffe9280000 - 0x00007fffe931f000 	C:\Windows\System32\sechost.dll
0x00007fffea340000 - 0x00007fffea463000 	C:\Windows\System32\RPCRT4.dll
0x00007fffe8e90000 - 0x00007fffe8eb7000 	C:\Windows\System32\bcrypt.dll
0x00007fffea2a0000 - 0x00007fffea30b000 	C:\Windows\System32\WS2_32.dll
0x00007fffe7bb0000 - 0x00007fffe7bfb000 	C:\Windows\SYSTEM32\POWRPROF.dll
0x00007fffc9c90000 - 0x00007fffc9cb7000 	C:\Windows\SYSTEM32\WINMM.dll
0x00007fffe3020000 - 0x00007fffe302a000 	C:\Windows\SYSTEM32\VERSION.dll
0x00007fffe7a70000 - 0x00007fffe7a82000 	C:\Windows\SYSTEM32\UMPDC.dll
0x00007fffe6e90000 - 0x00007fffe6ea2000 	C:\Windows\SYSTEM32\kernel.appcore.dll
0x00007fffcd0b0000 - 0x00007fffcd0ba000 	C:\Users\HP\IntelliJ IDEA 2024.2.4\jbr\bin\jimage.dll
0x00007fffe63d0000 - 0x00007fffe65b4000 	C:\Windows\SYSTEM32\DBGHELP.DLL
0x00007fffac5a0000 - 0x00007fffac5d4000 	C:\Windows\SYSTEM32\dbgcore.DLL
0x00007fffe8b00000 - 0x00007fffe8b82000 	C:\Windows\System32\bcryptPrimitives.dll
0x00007fffc5ed0000 - 0x00007fffc5eef000 	C:\Users\HP\IntelliJ IDEA 2024.2.4\jbr\bin\java.dll
0x00007fffbe100000 - 0x00007fffbe118000 	C:\Users\HP\IntelliJ IDEA 2024.2.4\jbr\bin\zip.dll
0x00007fffe9440000 - 0x00007fffe9bad000 	C:\Windows\System32\SHELL32.dll
0x00007fffe65c0000 - 0x00007fffe6d64000 	C:\Windows\SYSTEM32\windows.storage.dll
0x00007fffeac30000 - 0x00007fffeaf83000 	C:\Windows\System32\combase.dll
0x00007fffe80a0000 - 0x00007fffe80ce000 	C:\Windows\SYSTEM32\Wldp.dll
0x00007fffeaa90000 - 0x00007fffeab5d000 	C:\Windows\System32\OLEAUT32.dll
0x00007fffe9f20000 - 0x00007fffe9fcd000 	C:\Windows\System32\SHCORE.dll
0x00007fffeaa00000 - 0x00007fffeaa55000 	C:\Windows\System32\shlwapi.dll
0x00007fffe85a0000 - 0x00007fffe85c4000 	C:\Windows\SYSTEM32\profapi.dll
0x00007fffc9c60000 - 0x00007fffc9c70000 	C:\Users\HP\IntelliJ IDEA 2024.2.4\jbr\bin\net.dll
0x00007fffdf2b0000 - 0x00007fffdf3bd000 	C:\Windows\SYSTEM32\WINHTTP.dll
0x00007fffe7e00000 - 0x00007fffe7e6a000 	C:\Windows\system32\mswsock.dll
0x00007fffbe080000 - 0x00007fffbe096000 	C:\Users\HP\IntelliJ IDEA 2024.2.4\jbr\bin\nio.dll
0x00007fffe7a90000 - 0x00007fffe7acb000 	C:\Windows\SYSTEM32\IPHLPAPI.DLL
0x00007fffe9190000 - 0x00007fffe9198000 	C:\Windows\System32\NSI.dll
0x00007fffe8000000 - 0x00007fffe8018000 	C:\Windows\SYSTEM32\CRYPTSP.dll
0x00007fffe76b0000 - 0x00007fffe76e4000 	C:\Windows\system32\rsaenh.dll
0x00007fffe8560000 - 0x00007fffe858e000 	C:\Windows\SYSTEM32\USERENV.dll
0x00007fffe7ff0000 - 0x00007fffe7ffc000 	C:\Windows\SYSTEM32\CRYPTBASE.dll
0x00007fffb1520000 - 0x00007fffb1529000 	C:\Users\HP\IntelliJ IDEA 2024.2.4\jbr\bin\extnet.dll
0x00007fffaf8e0000 - 0x00007fffaf8e7000 	C:\Users\HP\IntelliJ IDEA 2024.2.4\jbr\bin\rmi.dll
0x00007fffe7ad0000 - 0x00007fffe7b9a000 	C:\Windows\SYSTEM32\DNSAPI.dll
0x00007fffe03c0000 - 0x00007fffe03ca000 	C:\Windows\System32\rasadhlp.dll
0x00007fffd1300000 - 0x00007fffd1380000 	C:\Windows\System32\fwpuclnt.dll
0x00007fffb1bd0000 - 0x00007fffb1bde000 	C:\Users\HP\IntelliJ IDEA 2024.2.4\jbr\bin\sunmscapi.dll
0x00007fffe8790000 - 0x00007fffe88ec000 	C:\Windows\System32\CRYPT32.dll
0x00007fffe8110000 - 0x00007fffe8137000 	C:\Windows\SYSTEM32\ncrypt.dll
0x00007fffe80d0000 - 0x00007fffe810b000 	C:\Windows\SYSTEM32\NTASN1.dll

dbghelp: loaded successfully - version: 4.0.5 - missing functions: none
symbol engine: initialized successfully - sym options: 0x614 - pdb path: .;C:\Users\HP\IntelliJ IDEA 2024.2.4\jbr\bin;C:\Windows\SYSTEM32;C:\Windows\WinSxS\amd64_microsoft.windows.common-controls_6595b64144ccf1df_6.0.19041.4355_none_60b8b9eb71f62e16;C:\Users\HP\IntelliJ IDEA 2024.2.4\jbr\bin\server

VM Arguments:
jvm_args: -Djava.rmi.server.hostname=127.0.0.1 -Duser.timezone=UTC -Xmx2048m -Xms128m -Djdbc.classpath=C:\Users\HP\AppData\Local\Temp\RemoteDriver9.classpath.txt --add-exports=java.desktop/sun.awt=ALL-UNNAMED --add-exports=java.desktop/java.awt.peer=ALL-UNNAMED --add-opens=java.desktop/java.awt=ALL-UNNAMED --add-opens=jdk.unsupported/sun.misc=ALL-UNNAMED --add-opens=java.base/java.nio=ALL-UNNAMED --add-opens=java.base/java.util=ALL-UNNAMED -Dfile.encoding=UTF-8 -Dsun.stdout.encoding=UTF-8 -Dsun.stderr.encoding=UTF-8 
java_command: com.intellij.database.remote.RemoteJdbcServer com.mysql.cj.jdbc.Driver
java_class_path (initial): C:\Users\HP\IntelliJ IDEA 2024.2.4\lib\util_rt.jar;C:\Users\HP\IntelliJ IDEA 2024.2.4\lib\util-8.jar;C:\Users\HP\IntelliJ IDEA 2024.2.4\lib\groovy.jar;C:\Users\HP\IntelliJ IDEA 2024.2.4\plugins\DatabaseTools\lib\jdbc-console.jar;C:\Users\HP\IntelliJ IDEA 2024.2.4\plugins\grid-core-impl\lib\jdbc-console-types.jar;C:\Users\HP\IntelliJ IDEA 2024.2.4\lib\util.jar;C:\Users\HP\IntelliJ IDEA 2024.2.4\lib\bouncy-castle.jar
Launcher Type: SUN_STANDARD

[Global flags]
     intx CICompilerCount                          = 4                                         {product} {ergonomic}
     uint ConcGCThreads                            = 2                                         {product} {ergonomic}
     uint G1ConcRefinementThreads                  = 8                                         {product} {ergonomic}
   size_t G1HeapRegionSize                         = 1048576                                   {product} {ergonomic}
    uintx GCDrainStackTargetSize                   = 64                                        {product} {ergonomic}
   size_t InitialHeapSize                          = 134217728                                 {product} {command line}
   size_t MarkStackSize                            = 4194304                                   {product} {ergonomic}
   size_t MaxHeapSize                              = 2147483648                                {product} {command line}
   size_t MaxNewSize                               = 1287651328                                {product} {ergonomic}
   size_t MinHeapDeltaBytes                        = 1048576                                   {product} {ergonomic}
   size_t MinHeapSize                              = 134217728                                 {product} {command line}
    uintx NonNMethodCodeHeapSize                   = 5839372                                {pd product} {ergonomic}
    uintx NonProfiledCodeHeapSize                  = 122909434                              {pd product} {ergonomic}
    uintx ProfiledCodeHeapSize                     = 122909434                              {pd product} {ergonomic}
    uintx ReservedCodeCacheSize                    = 251658240                              {pd product} {ergonomic}
     bool SegmentedCodeCache                       = true                                      {product} {ergonomic}
   size_t SoftMaxHeapSize                          = 2147483648                             {manageable} {ergonomic}
     bool UseCompressedOops                        = true                           {product lp64_product} {ergonomic}
     bool UseG1GC                                  = true                                      {product} {ergonomic}
     bool UseLargePagesIndividualAllocation        = false                                  {pd product} {ergonomic}

Logging:
Log output configuration:
 #0: stdout all=warning uptime,level,tags foldmultilines=false
 #1: stderr all=off uptime,level,tags foldmultilines=false

Environment Variables:
JAVA_HOME=C:\Program Files\Java\jdk-17
PATH=C:\Users\HP\Downloads\WINDOWS.X64_193000_db_home\bin;C:\Program Files\OpenLogic\jre-17.0.13.11-hotspot\bin;C:\Program Files\Common Files\Oracle\Java\javapath;C:\Oracle\WINDOWS.X64_213000_db_home\bin;C:\Users\HP\Downloads\WINDOWS.X64_213000_db_home\bin;C:\app\HP\product\21c\dbhomeXE\bin;C:\app\HP\product\18.0.0\dbhomeXE\bin;C:\Program Files (x86)\VMware\VMware Workstation\bin\;C:\Windows\system32;C:\Windows;C:\Windows\System32\Wbem;C:\Windows\System32\WindowsPowerShell\v1.0\;C:\Windows\System32\OpenSSH\;C:\Program Files\Microsoft SQL Server\150\Tools\Binn\;C:\Program Files\Java\jdk-17;C:\Program Files\Git\cmd;C:\Program Files\Docker\Docker\resources\bin;%ORACLE_HOME%\bin;C:\Program Files\nodejs;C:\Program Files\dotnet\;C:\Program Files\nodejs\;C:\ProgramData\chocolatey\bin;C:\consul_1.20.2_windows_amd64;C:\Users\HP\AppData\Local\Android\Sdk;C:\TempOracle\WINDOWS.X64_213000_db_home\bin;C:\Users\HP\AppData\Local\Android\Sdk\platform-tools;C:\Users\HP\AppData\Local\Android\Sdk\emulator;C:\Program Files\Java\jdk-17\bin;C:\Users\HP\Downloads\apache-maven-3.9.9-bin\apache-maven-3.9.9\bin;C:\Users\HP\Downloads\sonar-scanner-cli-6.2.1.4610-windows-x64\sonar-scanner-6.2.1.4610-windows-x64\bin;C:\Users\HP\AppData\Local\Microsoft\WindowsApps;C:\Program Files\JetBrains\IntelliJ IDEA 2024.1.2\bin;;C:\flutter_windows_3.24.3-stable\flutter\bin;C:\Users\HP\.dotnet\tools;C:\app\HP\product\18.0.0\dbhomeXE\bin;C:\Users\HP\AppData\Roaming\npm;C:\Users\HP\AppData\Local\Pub\Cache\bin;C:\Users\HP\AppData\Local\Programs\Microsoft VS Code\bin;C:\Users\HP\Downloads\platform-tools-latest-windows\platform-tools;C:\Users\HP\AppData\Local\Android\Sdk\cmdline-tools\latest\bin;C:\Users\HP\AppData\Local\Android\Sdk\cmdline-tools\cmdline-tools\bin;C:\Users\HP\AppData\Local\Android\Sdk\build-tools\33.0.1;C:\Users\HP\AppData\Local\Android\Sdk\build-tools\33.0.0;C:\Users\HP\Downloads\consul_1.20.1_windows_amd64;
USERNAME=HP
OS=Windows_NT
PROCESSOR_IDENTIFIER=Intel64 Family 6 Model 142 Stepping 12, GenuineIntel
TMP=C:\Users\HP\AppData\Local\Temp
TEMP=C:\Users\HP\AppData\Local\Temp




Periodic native trim disabled

JNI global refs:
JNI global refs: 17, weak refs: 0

JNI global refs memory usage: 835, weak refs: 833

Process memory usage:
Resident Set Size: 105160K (0% of 33355896K total physical memory with 6250968K free physical memory)

OOME stack traces (most recent first):
Classloader memory used:
Loader bootstrap                                                                       : 21488K
Loader jdk.internal.loader.ClassLoaders$AppClassLoader                                 : 3396K
Loader com.intellij.database.remote.jdbc.impl.JdbcClassLoader$JdbcClassLoaderImpl      : 2768K
Loader jdk.internal.loader.ClassLoaders$PlatformClassLoader                            : 765K
Loader jdk.internal.reflect.DelegatingClassLoader                                      : 149K
Loader com.intellij.database.remote.jdbc.impl.JdbcClassLoader$1                        : 6904B

---------------  S Y S T E M  ---------------

OS:
 Windows 10 , 64 bit Build 19041 (10.0.19041.5198)
OS uptime: 7 days 21:08 hours

CPU: total 8 (initial active 8) (4 cores per cpu, 2 threads per core) family 6 model 142 stepping 12 microcode 0xf8, cx8, cmov, fxsr, ht, mmx, 3dnowpref, sse, sse2, sse3, ssse3, sse4.1, sse4.2, popcnt, lzcnt, tsc, tscinvbit, avx, avx2, aes, erms, clmul, bmi1, bmi2, adx, fma, vzeroupper, clflush, clflushopt, rdtscp, f16c
Processor Information for all 8 processors :
  Max Mhz: 2112, Current Mhz: 1910, Mhz Limit: 1900

Memory: 4k page, system-wide physical 32574M (6104M free)
TotalPageFile size 62948M (AvailPageFile size 3M)
current process WorkingSet (physical memory assigned to process): 104M, peak: 142M
current process commit charge ("private bytes"): 243M, peak: 269M

vm_info: OpenJDK 64-Bit Server VM (21.0.4+13-b509.26) for windows-amd64 JRE (21.0.4+13-b509.26), built on 2024-09-27 by "builduser" with MS VC++ 16.10 / 16.11 (VS2019)

END.
