#
# There is insufficient memory for the Java Runtime Environment to continue.
# Native memory allocation (mmap) failed to map 536870912 bytes for G1 virtual space
# Possible reasons:
#   The system is out of physical RAM or swap space
#   The process is running with CompressedOops enabled, and the Java Heap may be blocking the growth of the native heap
# Possible solutions:
#   Reduce memory load on the system
#   Increase physical memory or swap space
#   Check if swap backing store is full
#   Decrease Java heap size (-Xmx/-Xms)
#   Decrease number of Java threads
#   Decrease Java thread stack sizes (-Xss)
#   Set larger code cache with -XX:ReservedCodeCacheSize=
#   JVM is running with Zero Based Compressed Oops mode in which the Java heap is
#     placed in the first 32GB address space. The Java Heap base address is the
#     maximum limit for the native heap growth. Please use -XX:HeapBaseMinAddress
#     to set the Java Heap base and to place the Java Heap above 32GB virtual address.
# This output file may be truncated or incomplete.
#
#  Out of Memory Error (os_windows.cpp:3469), pid=30008, tid=24988
#
# JRE version:  (17.0.0.1+2) (build )
# Java VM: OpenJDK 64-Bit Server VM (17.0.0.1+2-3, mixed mode, emulated-client, sharing, tiered, compressed oops, compressed class ptrs, g1 gc, windows-amd64)
# No core dump will be written. Minidumps are not enabled by default on client versions of Windows
#

---------------  S U M M A R Y ------------

Command Line: -XX:TieredStopAtLevel=1 -Dspring.output.ansi.enabled=always -Dcom.sun.management.jmxremote -Dspring.jmx.enabled=true -Dspring.liveBeansView.mbeanDomain -Dspring.application.admin.enabled=true -Dmanagement.endpoints.jmx.exposure.include=* -javaagent:C:\Users\HP\IntelliJ IDEA 2024.2.4\lib\idea_rt.jar=54113:C:\Users\HP\IntelliJ IDEA 2024.2.4\bin -Dfile.encoding=UTF-8 com.fateway.gateway.GatewayApplication

Host: Intel(R) Core(TM) i7-8665U CPU @ 1.90GHz, 8 cores, 31G,  Windows 10 , 64 bit Build 19041 (10.0.19041.5198)
Time: Tue Jan 14 16:55:19 2025 Maroc (heure d64 bit Build 19041 (10.0.19041.5198) elapsed time: 0.018519 seconds (0d 0h 0m 0s)

---------------  T H R E A D  ---------------

Current thread (0x000001c899b1b430):  JavaThread "Unknown thread" [_thread_in_vm, id=24988, stack(0x000000b7de600000,0x000000b7de700000)]

Stack: [0x000000b7de600000,0x000000b7de700000]
Native frames: (J=compiled Java code, j=interpreted, Vv=VM code, C=native code)
V  [jvm.dll+0x66f8ea]
V  [jvm.dll+0x7ce224]
V  [jvm.dll+0x7cf9ce]
V  [jvm.dll+0x7d0033]
V  [jvm.dll+0x242bb5]
V  [jvm.dll+0x66c909]
V  [jvm.dll+0x6613d2]
V  [jvm.dll+0x30082b]
V  [jvm.dll+0x307db6]
V  [jvm.dll+0x357a0e]
V  [jvm.dll+0x357c3f]
V  [jvm.dll+0x2d7ae8]
V  [jvm.dll+0x2d8a54]
V  [jvm.dll+0x7a00a1]
V  [jvm.dll+0x365781]
V  [jvm.dll+0x77f59c]
V  [jvm.dll+0x3e805f]
V  [jvm.dll+0x3e9b01]
C  [jli.dll+0x527b]
C  [ucrtbase.dll+0x21bb2]
C  [KERNEL32.DLL+0x17374]
C  [ntdll.dll+0x4cc91]


---------------  P R O C E S S  ---------------

Threads class SMR info:
_java_thread_list=0x00007fff4d179818, length=0, elements={
}

Java Threads: ( => current thread )

Other Threads:
  0x000001c899b8fa60 GCTaskThread "GC Thread#0" [stack: 0x000000b7de700000,0x000000b7de800000] [id=13260]
  0x000001c899ba0820 ConcurrentGCThread "G1 Main Marker" [stack: 0x000000b7de800000,0x000000b7de900000] [id=11976]
  0x000001c899ba19d0 ConcurrentGCThread "G1 Conc#0" [stack: 0x000000b7de900000,0x000000b7dea00000] [id=3768]

[error occurred during error reporting (printing all threads), id 0xc0000005, EXCEPTION_ACCESS_VIOLATION (0xc0000005) at pc=0x00007fff4c9c84c7]

VM state: not at safepoint (not fully initialized)

VM Mutex/Monitor currently owned by a thread:  ([mutex/lock_event])
[0x000001c899b17ad0] Heap_lock - owner thread: 0x000001c899b1b430

Heap address: 0x0000000603000000, size: 8144 MB, Compressed Oops mode: Zero based, Oop shift amount: 3

CDS archive(s) mapped at: [0x0000000000000000-0x0000000000000000-0x0000000000000000), size 0, SharedBaseAddress: 0x0000000800000000, ArchiveRelocationMode: 0.
Narrow klass base: 0x0000000000000000, Narrow klass shift: 0, Narrow klass range: 0x0

GC Precious Log:
<Empty>

Heap:
 garbage-first heap   total 0K, used 0K [0x0000000603000000, 0x0000000800000000)
  region size 4096K, 0 young (0K), 0 survivors (0K)

[error occurred during error reporting (printing heap information), id 0xc0000005, EXCEPTION_ACCESS_VIOLATION (0xc0000005) at pc=0x00007fff4cda8c59]

GC Heap History (0 events):
No events

Deoptimization events (0 events):
No events

Classes unloaded (0 events):
No events

Classes redefined (0 events):
No events

Internal exceptions (0 events):
No events

VM Operations (0 events):
No events

Events (1 events):
Event: 0.007 Loaded shared library C:\Program Files\Java\jdk-17\bin\java.dll


Dynamic libraries:
0x00007ff6ffbe0000 - 0x00007ff6ffbee000 	C:\Program Files\Java\jdk-17\bin\java.exe
0x00007fffeafd0000 - 0x00007fffeb1c8000 	C:\Windows\SYSTEM32\ntdll.dll
0x00007fffeab60000 - 0x00007fffeac22000 	C:\Windows\System32\KERNEL32.DLL
0x00007fffe8b90000 - 0x00007fffe8e8e000 	C:\Windows\System32\KERNELBASE.dll
0x00007fffe88f0000 - 0x00007fffe89f0000 	C:\Windows\System32\ucrtbase.dll
0x00007fffc9c70000 - 0x00007fffc9c88000 	C:\Program Files\Java\jdk-17\bin\jli.dll
0x00007fffe8ff0000 - 0x00007fffe918d000 	C:\Windows\System32\USER32.dll
0x00007fffe8ec0000 - 0x00007fffe8ee2000 	C:\Windows\System32\win32u.dll
0x00007fffea310000 - 0x00007fffea33b000 	C:\Windows\System32\GDI32.dll
0x00007fffc98e0000 - 0x00007fffc9b7a000 	C:\Windows\WinSxS\amd64_microsoft.windows.common-controls_6595b64144ccf1df_6.0.19041.4355_none_60b8b9eb71f62e16\COMCTL32.dll
0x00007fffe8670000 - 0x00007fffe8787000 	C:\Windows\System32\gdi32full.dll
0x00007fffea170000 - 0x00007fffea20e000 	C:\Windows\System32\msvcrt.dll
0x00007fffe8a60000 - 0x00007fffe8afd000 	C:\Windows\System32\msvcp_win.dll
0x00007fffaf8c0000 - 0x00007fffaf8da000 	C:\Program Files\Java\jdk-17\bin\VCRUNTIME140.dll
0x00007fffeaa60000 - 0x00007fffeaa8f000 	C:\Windows\System32\IMM32.DLL
0x00007fffdb3b0000 - 0x00007fffdb3bc000 	C:\Program Files\Java\jdk-17\bin\vcruntime140_1.dll
0x00007fff83ff0000 - 0x00007fff8407d000 	C:\Program Files\Java\jdk-17\bin\msvcp140.dll
0x00007fff4c6e0000 - 0x00007fff4d2a0000 	C:\Program Files\Java\jdk-17\bin\server\jvm.dll
0x00007fffea8e0000 - 0x00007fffea991000 	C:\Windows\System32\ADVAPI32.dll
0x00007fffe9280000 - 0x00007fffe931f000 	C:\Windows\System32\sechost.dll
0x00007fffea340000 - 0x00007fffea463000 	C:\Windows\System32\RPCRT4.dll
0x00007fffe8e90000 - 0x00007fffe8eb7000 	C:\Windows\System32\bcrypt.dll
0x00007fffea160000 - 0x00007fffea168000 	C:\Windows\System32\PSAPI.DLL
0x00007fffc50a0000 - 0x00007fffc50a9000 	C:\Windows\SYSTEM32\WSOCK32.dll
0x00007fffc9c90000 - 0x00007fffc9cb7000 	C:\Windows\SYSTEM32\WINMM.dll
0x00007fffea2a0000 - 0x00007fffea30b000 	C:\Windows\System32\WS2_32.dll
0x00007fffe3020000 - 0x00007fffe302a000 	C:\Windows\SYSTEM32\VERSION.dll
0x00007fffe6e90000 - 0x00007fffe6ea2000 	C:\Windows\SYSTEM32\kernel.appcore.dll
0x00007fffaf8b0000 - 0x00007fffaf8ba000 	C:\Program Files\Java\jdk-17\bin\jimage.dll
0x00007fffe63d0000 - 0x00007fffe65b4000 	C:\Windows\SYSTEM32\DBGHELP.DLL
0x00007fffac5a0000 - 0x00007fffac5d4000 	C:\Windows\SYSTEM32\dbgcore.DLL
0x00007fffe8b00000 - 0x00007fffe8b82000 	C:\Windows\System32\bcryptPrimitives.dll
0x00007fffaf8a0000 - 0x00007fffaf8ae000 	C:\Program Files\Java\jdk-17\bin\instrument.dll
0x00007fff9c4d0000 - 0x00007fff9c4f5000 	C:\Program Files\Java\jdk-17\bin\java.dll

dbghelp: loaded successfully - version: 4.0.5 - missing functions: none
symbol engine: initialized successfully - sym options: 0x614 - pdb path: .;C:\Program Files\Java\jdk-17\bin;C:\Windows\SYSTEM32;C:\Windows\WinSxS\amd64_microsoft.windows.common-controls_6595b64144ccf1df_6.0.19041.4355_none_60b8b9eb71f62e16;C:\Program Files\Java\jdk-17\bin\server

VM Arguments:
jvm_args: -XX:TieredStopAtLevel=1 -Dspring.output.ansi.enabled=always -Dcom.sun.management.jmxremote -Dspring.jmx.enabled=true -Dspring.liveBeansView.mbeanDomain -Dspring.application.admin.enabled=true -Dmanagement.endpoints.jmx.exposure.include=* -javaagent:C:\Users\HP\IntelliJ IDEA 2024.2.4\lib\idea_rt.jar=54113:C:\Users\HP\IntelliJ IDEA 2024.2.4\bin -Dfile.encoding=UTF-8 
java_command: com.fateway.gateway.GatewayApplication
java_class_path (initial): C:\EurekavConsul-main\EurekavConsul-main\Rest_Template_Eureka\gateway\target\classes;C:\Users\HP\.m2\repository\org\springframework\cloud\spring-cloud-starter-gateway\4.1.0\spring-cloud-starter-gateway-4.1.0.jar;C:\Users\HP\.m2\repository\org\springframework\cloud\spring-cloud-starter\4.1.0\spring-cloud-starter-4.1.0.jar;C:\Users\HP\.m2\repository\org\springframework\cloud\spring-cloud-context\4.1.0\spring-cloud-context-4.1.0.jar;C:\Users\HP\.m2\repository\org\springframework\security\spring-security-crypto\6.2.0\spring-security-crypto-6.2.0.jar;C:\Users\HP\.m2\repository\org\springframework\cloud\spring-cloud-commons\4.1.0\spring-cloud-commons-4.1.0.jar;C:\Users\HP\.m2\repository\org\springframework\security\spring-security-rsa\1.1.1\spring-security-rsa-1.1.1.jar;C:\Users\HP\.m2\repository\org\bouncycastle\bcprov-jdk18on\1.74\bcprov-jdk18on-1.74.jar;C:\Users\HP\.m2\repository\org\springframework\cloud\spring-cloud-gateway-server\4.1.0\spring-cloud-gateway-server-4.1.0.jar;C:\Users\HP\.m2\repository\org\springframework\boot\spring-boot-starter-validation\3.2.0\spring-boot-starter-validation-3.2.0.jar;C:\Users\HP\.m2\repository\org\apache\tomcat\embed\tomcat-embed-el\10.1.16\tomcat-embed-el-10.1.16.jar;C:\Users\HP\.m2\repository\org\hibernate\validator\hibernate-validator\8.0.1.Final\hibernate-validator-8.0.1.Final.jar;C:\Users\HP\.m2\repository\jakarta\validation\jakarta.validation-api\3.0.2\jakarta.validation-api-3.0.2.jar;C:\Users\HP\.m2\repository\org\jboss\logging\jboss-logging\3.5.3.Final\jboss-logging-3.5.3.Final.jar;C:\Users\HP\.m2\repository\com\fasterxml\classmate\1.6.0\classmate-1.6.0.jar;C:\Users\HP\.m2\repository\io\projectreactor\addons\reactor-extra\3.5.1\reactor-extra-3.5.1.jar;C:\Users\HP\.m2\repository\io\projectreactor\reactor-core\3.6.0\reactor-core-3.6.0.jar;C:\Users\HP\.m2\repository\org\reactivestreams\reactive-streams\1.0.4\reactive-streams-1.0.4.jar;C:\Users\HP\.m2\repository\org\springframework\boot\spring-boot-s
Launcher Type: SUN_STANDARD

[Global flags]
     intx CICompilerCount                          = 4                                         {product} {ergonomic}
     uint ConcGCThreads                            = 2                                         {product} {ergonomic}
     uint G1ConcRefinementThreads                  = 8                                         {product} {ergonomic}
   size_t G1HeapRegionSize                         = 4194304                                   {product} {ergonomic}
    uintx GCDrainStackTargetSize                   = 64                                        {product} {ergonomic}
   size_t InitialHeapSize                          = 536870912                                 {product} {ergonomic}
     bool ManagementServer                         = true                                      {product} {command line}
   size_t MarkStackSize                            = 4194304                                   {product} {ergonomic}
   size_t MaxHeapSize                              = 8539602944                                {product} {ergonomic}
   size_t MinHeapDeltaBytes                        = 4194304                                   {product} {ergonomic}
   size_t MinHeapSize                              = 8388608                                   {product} {ergonomic}
    uintx NonProfiledCodeHeapSize                  = 0                                      {pd product} {ergonomic}
     bool ProfileInterpreter                       = false                                  {pd product} {command line}
    uintx ProfiledCodeHeapSize                     = 0                                      {pd product} {ergonomic}
   size_t SoftMaxHeapSize                          = 8539602944                             {manageable} {ergonomic}
     intx TieredStopAtLevel                        = 1                                         {product} {command line}
     bool UseCompressedClassPointers               = true                           {product lp64_product} {ergonomic}
     bool UseCompressedOops                        = true                           {product lp64_product} {ergonomic}
     bool UseG1GC                                  = true                                      {product} {ergonomic}
     bool UseLargePagesIndividualAllocation        = false                                  {pd product} {ergonomic}

Logging:
Log output configuration:
 #0: stdout all=warning uptime,level,tags
 #1: stderr all=off uptime,level,tags

Environment Variables:
JAVA_HOME=C:\Program Files\Java\jdk-17
PATH=C:\Users\HP\Downloads\WINDOWS.X64_193000_db_home\bin;C:\Program Files\OpenLogic\jre-17.0.13.11-hotspot\bin;C:\Program Files\Common Files\Oracle\Java\javapath;C:\Oracle\WINDOWS.X64_213000_db_home\bin;C:\Users\HP\Downloads\WINDOWS.X64_213000_db_home\bin;C:\app\HP\product\21c\dbhomeXE\bin;C:\app\HP\product\18.0.0\dbhomeXE\bin;C:\Program Files (x86)\VMware\VMware Workstation\bin\;C:\Windows\system32;C:\Windows;C:\Windows\System32\Wbem;C:\Windows\System32\WindowsPowerShell\v1.0\;C:\Windows\System32\OpenSSH\;C:\Program Files\Microsoft SQL Server\150\Tools\Binn\;C:\Program Files\Java\jdk-17;C:\Program Files\Git\cmd;C:\Program Files\Docker\Docker\resources\bin;%ORACLE_HOME%\bin;C:\Program Files\nodejs;C:\Program Files\dotnet\;C:\Program Files\nodejs\;C:\ProgramData\chocolatey\bin;C:\consul_1.20.2_windows_amd64;C:\Users\HP\AppData\Local\Android\Sdk;C:\TempOracle\WINDOWS.X64_213000_db_home\bin;C:\Users\HP\AppData\Local\Android\Sdk\platform-tools;C:\Users\HP\AppData\Local\Android\Sdk\emulator;C:\Program Files\Java\jdk-17\bin;C:\Users\HP\Downloads\apache-maven-3.9.9-bin\apache-maven-3.9.9\bin;C:\Users\HP\Downloads\sonar-scanner-cli-6.2.1.4610-windows-x64\sonar-scanner-6.2.1.4610-windows-x64\bin;C:\Users\HP\AppData\Local\Microsoft\WindowsApps;C:\Program Files\JetBrains\IntelliJ IDEA 2024.1.2\bin;;C:\flutter_windows_3.24.3-stable\flutter\bin;C:\Users\HP\.dotnet\tools;C:\app\HP\product\18.0.0\dbhomeXE\bin;C:\Users\HP\AppData\Roaming\npm;C:\Users\HP\AppData\Local\Pub\Cache\bin;C:\Users\HP\AppData\Local\Programs\Microsoft VS Code\bin;C:\Users\HP\Downloads\platform-tools-latest-windows\platform-tools;C:\Users\HP\AppData\Local\Android\Sdk\cmdline-tools\latest\bin;C:\Users\HP\AppData\Local\Android\Sdk\cmdline-tools\cmdline-tools\bin;C:\Users\HP\AppData\Local\Android\Sdk\build-tools\33.0.1;C:\Users\HP\AppData\Local\Android\Sdk\build-tools\33.0.0;C:\Users\HP\Downloads\consul_1.20.1_windows_amd64;
USERNAME=HP
OS=Windows_NT
PROCESSOR_IDENTIFIER=Intel64 Family 6 Model 142 Stepping 12, GenuineIntel



---------------  S Y S T E M  ---------------

OS:
 Windows 10 , 64 bit Build 19041 (10.0.19041.5198)
OS uptime: 7 days 21:45 hours

CPU: total 8 (initial active 8) (4 cores per cpu, 2 threads per core) family 6 model 142 stepping 12 microcode 0xf8, cx8, cmov, fxsr, ht, mmx, 3dnowpref, sse, sse2, sse3, ssse3, sse4.1, sse4.2, popcnt, lzcnt, tsc, tscinvbit, avx, avx2, aes, erms, clmul, bmi1, bmi2, adx, fma, vzeroupper, clflush, clflushopt

Memory: 4k page, system-wide physical 32574M (6030M free)
TotalPageFile size 62948M (AvailPageFile size 353M)
current process WorkingSet (physical memory assigned to process): 10M, peak: 10M
current process commit charge ("private bytes"): 55M, peak: 567M

vm_info: OpenJDK 64-Bit Server VM (17.0.0.1+2-3) for windows-amd64 JRE (17.0.0.1+2-3), built on May  8 2024 19:05:00 by "mach5one" with MS VC++ 16.8 (VS2019)

END.
